2024-07-17T08:29:12.009Z error: Error fetching data: 18280000:error:0A000438:SSL routines:ssl3_read_bytes:tlsv1 alert internal error:c:\ws\deps\openssl\openssl\ssl\record\rec_layer_s3.c:1586:SSL alert number 80

2024-07-17T08:29:22.608Z error: Error fetching data: 18280000:error:0A000438:SSL routines:ssl3_read_bytes:tlsv1 alert internal error:c:\ws\deps\openssl\openssl\ssl\record\rec_layer_s3.c:1586:SSL alert number 80

2024-07-17T08:29:42.608Z error: Error fetching data: 18280000:error:0A000438:SSL routines:ssl3_read_bytes:tlsv1 alert internal error:c:\ws\deps\openssl\openssl\ssl\record\rec_layer_s3.c:1586:SSL alert number 80

2024-07-17T08:30:28.685Z error: Error fetching data: 18280000:error:0A000438:SSL routines:ssl3_read_bytes:tlsv1 alert internal error:c:\ws\deps\openssl\openssl\ssl\record\rec_layer_s3.c:1586:SSL alert number 80

2024-07-17T08:30:47.734Z error: Error creating user: 18280000:error:0A000438:SSL routines:ssl3_read_bytes:tlsv1 alert internal error:c:\ws\deps\openssl\openssl\ssl\record\rec_layer_s3.c:1586:SSL alert number 80

2024-07-17T08:30:48.681Z error: Error fetching data: 18280000:error:0A000438:SSL routines:ssl3_read_bytes:tlsv1 alert internal error:c:\ws\deps\openssl\openssl\ssl\record\rec_layer_s3.c:1586:SSL alert number 80

2024-07-17T08:30:54.356Z error: Error creating user: 18280000:error:0A000438:SSL routines:ssl3_read_bytes:tlsv1 alert internal error:c:\ws\deps\openssl\openssl\ssl\record\rec_layer_s3.c:1586:SSL alert number 80

2024-07-17T08:30:56.687Z error: Error fetching data: 18280000:error:0A000438:SSL routines:ssl3_read_bytes:tlsv1 alert internal error:c:\ws\deps\openssl\openssl\ssl\record\rec_layer_s3.c:1586:SSL alert number 80

2024-07-17T08:31:08.042Z error: Error creating user: 18280000:error:0A000438:SSL routines:ssl3_read_bytes:tlsv1 alert internal error:c:\ws\deps\openssl\openssl\ssl\record\rec_layer_s3.c:1586:SSL alert number 80

2024-07-17T08:31:10.052Z error: Error creating user: 18280000:error:0A000438:SSL routines:ssl3_read_bytes:tlsv1 alert internal error:c:\ws\deps\openssl\openssl\ssl\record\rec_layer_s3.c:1586:SSL alert number 80

2024-07-17T08:31:16.685Z error: Error fetching data: 18280000:error:0A000438:SSL routines:ssl3_read_bytes:tlsv1 alert internal error:c:\ws\deps\openssl\openssl\ssl\record\rec_layer_s3.c:1586:SSL alert number 80

2024-07-17T08:36:50.497Z error: Error fetching data: 18280000:error:0A000438:SSL routines:ssl3_read_bytes:tlsv1 alert internal error:c:\ws\deps\openssl\openssl\ssl\record\rec_layer_s3.c:1586:SSL alert number 80

2024-07-17T08:38:10.099Z error: Error fetching data: 0C4F0000:error:0A000438:SSL routines:ssl3_read_bytes:tlsv1 alert internal error:c:\ws\deps\openssl\openssl\ssl\record\rec_layer_s3.c:1586:SSL alert number 80

2024-07-17T08:38:10.108Z error: Error fetching data: 0C4F0000:error:0A000438:SSL routines:ssl3_read_bytes:tlsv1 alert internal error:c:\ws\deps\openssl\openssl\ssl\record\rec_layer_s3.c:1586:SSL alert number 80

2024-07-17T08:38:10.112Z error: Error fetching data: 0C4F0000:error:0A000438:SSL routines:ssl3_read_bytes:tlsv1 alert internal error:c:\ws\deps\openssl\openssl\ssl\record\rec_layer_s3.c:1586:SSL alert number 80

2024-08-04T08:46:34.120Z error: Error fetching users in GET route:
2024-08-04T08:46:34.156Z error: Error fetching users in GET route:
2024-08-04T08:49:29.530Z error: Error fetching users in GET route:
2024-08-04T08:50:16.422Z error: Error adding user in POST route:
2024-08-04T08:53:29.422Z error: Error adding user in POST route:
2024-08-04T08:55:17.661Z error: Error adding user in POST route:
2024-08-04T08:55:23.529Z error: Error adding user in POST route:
2024-08-04T08:55:52.032Z error: Error fetching users in GET route:
2024-08-04T08:55:52.050Z error: Error fetching users in GET route:
2024-08-04T08:57:05.386Z error: Error adding user in POST route:
2024-08-04T08:57:28.649Z error: Error adding user in POST route:
2024-08-05T14:40:04.159Z error: Error fetching users in GET route:
2024-08-05T14:40:04.212Z error: Error fetching users in GET route:
2024-08-05T14:57:50.175Z error: Error fetching users in GET route:
2024-08-05T14:57:50.213Z error: Error fetching users in GET route:
2024-08-05T14:58:30.263Z error: Error fetching users in GET route:
2024-08-05T15:00:13.235Z error: Error fetching users in GET route:
2024-08-05T15:00:13.261Z error: Error fetching users in GET route:
2024-08-05T15:03:50.132Z error: Error fetching users in GET route:
2024-08-05T15:03:50.544Z error: Error fetching users in GET route:
2024-08-05T15:08:35.327Z error: Error fetching users in GET route:
2024-08-05T15:08:35.379Z error: Error fetching users in GET route:
2024-08-05T15:09:33.062Z error: Error fetching users in GET route:
2024-08-05T15:09:33.079Z error: Error fetching users in GET route:
2024-08-05T15:11:38.633Z error: Error fetching users in GET route:
2024-08-05T15:11:38.729Z error: Error fetching users in GET route:
2024-08-05T15:11:50.332Z error: Error fetching users in GET route:
2024-08-05T15:11:50.362Z error: Error fetching users in GET route:
